2026-06-24T21:31:16Z  images  app-icons/iOS-27-Icon-Templates-Photoshop-Illustrator  copied=19
2026-06-24T21:31:17Z  images  bezels/Bezel-Apple-TV  copied=1
2026-06-24T21:31:18Z  images  bezels/Bezel-Apple-Watch-Series-11-2025  copied=44
2026-06-24T21:31:18Z  images  bezels/Bezel-Apple-Watch-Ultra-2-2024  copied=19
2026-06-24T21:31:19Z  images  bezels/Bezel-Apple-Watch-Ultra-3-2025  copied=13
2026-06-24T21:31:19Z  images  bezels/Bezel-MacBook-Air-M5  copied=8
2026-06-24T21:31:19Z  images  bezels/Bezel-MacBook-Neo  copied=4
2026-06-24T21:31:20Z  images  bezels/Bezel-MacBook-Pro-M5  copied=4
2026-06-24T21:31:20Z  images  bezels/Bezel-Studio-Displays  copied=4
2026-06-24T21:31:21Z  images  bezels/Bezel-iMac-M4  copied=7
2026-06-24T21:31:21Z  images  bezels/Bezel-iPad-(A16)  copied=8
2026-06-24T21:31:21Z  images  bezels/Bezel-iPad-Air-(M4)  copied=16
2026-06-24T21:31:22Z  images  bezels/Bezel-iPad-Pro-(M5)  copied=8
2026-06-24T21:31:22Z  images  bezels/Bezel-iPad-mini-(A17-Pro)  copied=8
2026-06-24T21:31:23Z  images  bezels/Bezel-iPhone-16  copied=36
2026-06-24T21:31:23Z  images  bezels/Bezel-iPhone-17  copied=30
2026-06-24T21:31:24Z  images  bezels/Keynote-Live-Video-Product-Bezel  copied=0
2026-06-24T21:31:24Z  images  fonts/NY  copied=0
2026-06-24T21:31:24Z  images  fonts/SF-Arabic  copied=0
2026-06-24T21:31:24Z  images  fonts/SF-Armenian  copied=0
2026-06-24T21:31:25Z  images  fonts/SF-Compact  copied=0
2026-06-24T21:31:25Z  images  fonts/SF-Georgian  copied=0
2026-06-24T21:31:25Z  images  fonts/SF-Hebrew  copied=0
2026-06-24T21:31:26Z  images  fonts/SF-Mono  copied=0
2026-06-24T21:31:26Z  images  fonts/SF-Pro  copied=0
2026-06-24T21:31:26Z  images  glyphs/Glyph-ARKit  copied=1
2026-06-24T21:31:26Z  images  glyphs/Glyph-Add-Apple-Watch-Face  copied=24
2026-06-24T21:31:27Z  images  glyphs/Glyph-AirPlay  copied=0
2026-06-24T21:31:27Z  images  glyphs/Icon-Apple-Health  copied=1
2026-06-24T21:31:27Z  images  glyphs/Icon-Game-Center  copied=18
2026-06-24T21:31:28Z  images  glyphs/Icon-HomeKit  copied=1
2026-06-24T21:31:28Z  images  glyphs/Icon-Siri  copied=4
2026-06-24T21:31:28Z  images  glyphs/Logo-Sign-in-with-Apple  copied=32
2026-06-24T21:31:29Z  images  parallax/Parallax-Previewer  copied=0
2026-06-24T21:31:29Z  images  sf-symbols/SF-Symbols-7  copied=0
2026-06-24T21:31:29Z  images  sf-symbols/SF-Symbols-8  copied=0
2026-06-24T21:31:30Z  images  tvos/tvOS-18-Design-Templates-Sketch  copied=1
2026-06-24T21:31:30Z  images  tvos/tvOS-18-Production-Templates-Photoshop  copied=0
2026-06-24T21:31:30Z  images  tvos/tvOS-18-Production-Templates-Sketch  copied=2
2026-06-24T21:31:31Z  images  ui-kits/Apple-Sketch-Library-tvOS-18  copied=1
2026-06-24T21:31:31Z  images  ui-kits/Apple-Sketch-Library-visionOS-2  copied=1
2026-06-24T21:31:31Z  images  visionos/visionOS-2-Design-Templates-Sketch  copied=1
2026-06-24T21:31:31Z  generating index.html
2026-06-24T21:31:32Z  DONE. open /Users/mirzaiqbal/repositories/apple-design-system/assets/_gallery/index.html
